The system is: Linux - 3.10.0-1127.el7.x86_64 - x86_64
Compiling the C compiler identification source file "CMakeCCompilerId.c" succeeded.
Compiler: /usr/local/bin/gcc 
Build flags: 
Id flags:  

The output was:
0


Compilation of the C compiler identification source "CMakeCCompilerId.c" produced "a.out"

The C compiler identification is GNU, found in "/home/henry/cppProject/JsonCppDemo-master/src/lib_json/CMakeFiles/3.17.2/CompilerIdC/a.out"

Compiling the CXX compiler identification source file "CMakeCXXCompilerId.cpp" succeeded.
Compiler: /usr/local/bin/g++ 
Build flags: 
Id flags:  

The output was:
0


Compilation of the CXX compiler identification source "CMakeCXXCompilerId.cpp" produced "a.out"

The CXX compiler identification is GNU, found in "/home/henry/cppProject/JsonCppDemo-master/src/lib_json/CMakeFiles/3.17.2/CompilerIdCXX/a.out"

Determining if the C compiler works passed with the following output:
Change Dir: /home/henry/cppProject/JsonCppDemo-master/src/lib_json/CMakeFiles/CMakeTmp

Run Build Command(s):/usr/bin/gmake cmTC_9e4b4/fast && /usr/bin/gmake  -f CMakeFiles/cmTC_9e4b4.dir/build.make CMakeFiles/cmTC_9e4b4.dir/build
gmake[1]: Entering directory `/home/henry/cppProject/JsonCppDemo-master/src/lib_json/CMakeFiles/CMakeTmp'
Building C object CMakeFiles/cmTC_9e4b4.dir/testCCompiler.c.o
/usr/local/bin/gcc    -o CMakeFiles/cmTC_9e4b4.dir/testCCompiler.c.o   -c /home/henry/cppProject/JsonCppDemo-master/src/lib_json/CMakeFiles/CMakeTmp/testCCompiler.c
Linking C executable cmTC_9e4b4
/usr/local/bin/cmake -E cmake_link_script CMakeFiles/cmTC_9e4b4.dir/link.txt --verbose=1
/usr/local/bin/gcc      -rdynamic CMakeFiles/cmTC_9e4b4.dir/testCCompiler.c.o  -o cmTC_9e4b4 
gmake[1]: Leaving directory `/home/henry/cppProject/JsonCppDemo-master/src/lib_json/CMakeFiles/CMakeTmp'



Detecting C compiler ABI info compiled with the following output:
Change Dir: /home/henry/cppProject/JsonCppDemo-master/src/lib_json/CMakeFiles/CMakeTmp

Run Build Command(s):/usr/bin/gmake cmTC_bc6c8/fast && /usr/bin/gmake  -f CMakeFiles/cmTC_bc6c8.dir/build.make CMakeFiles/cmTC_bc6c8.dir/build
gmake[1]: Entering directory `/home/henry/cppProject/JsonCppDemo-master/src/lib_json/CMakeFiles/CMakeTmp'
Building C object CMakeFiles/cmTC_bc6c8.dir/CMakeCCompilerABI.c.o
/usr/local/bin/gcc   -v -o CMakeFiles/cmTC_bc6c8.dir/CMakeCCompilerABI.c.o   -c /usr/local/share/cmake-3.17/Modules/CMakeCCompilerABI.c
Using built-in specs.
COLLECT_GCC=/usr/local/bin/gcc
Target: x86_64-pc-linux-gnu
Configured with: ../configure -enable-checking=release -enable-languages=c,c++ -disable-multilib
Thread model: posix
gcc version 7.5.0 (GCC) 
COLLECT_GCC_OPTIONS='-v' '-o' 'CMakeFiles/cmTC_bc6c8.dir/CMakeCCompilerABI.c.o' '-c' '-mtune=generic' '-march=x86-64'
 /usr/local/libexec/gcc/x86_64-pc-linux-gnu/7.5.0/cc1 -quiet -v /usr/local/share/cmake-3.17/Modules/CMakeCCompilerABI.c -quiet -dumpbase CMakeCCompilerABI.c -mtune=generic -march=x86-64 -auxbase-strip CMakeFiles/cmTC_bc6c8.dir/CMakeCCompilerABI.c.o -version -o /tmp/ccMpb4LV.s
GNU C11 (GCC) version 7.5.0 (x86_64-pc-linux-gnu)
	compiled by GNU C version 7.5.0, GMP version 6.0.0, MPFR version 3.1.1, MPC version 1.0.1, isl version none
GGC heuristics: --param ggc-min-expand=100 --param ggc-min-heapsize=131072
ignoring nonexistent directory "/usr/local/lib/gcc/x86_64-pc-linux-gnu/7.5.0/../../../../x86_64-pc-linux-gnu/include"
#include "..." search starts here:
#include <...> search starts here:
 /usr/local/lib/gcc/x86_64-pc-linux-gnu/7.5.0/include
 /usr/local/include
 /usr/local/lib/gcc/x86_64-pc-linux-gnu/7.5.0/include-fixed
 /usr/include
End of search list.
GNU C11 (GCC) version 7.5.0 (x86_64-pc-linux-gnu)
	compiled by GNU C version 7.5.0, GMP version 6.0.0, MPFR version 3.1.1, MPC version 1.0.1, isl version none
GGC heuristics: --param ggc-min-expand=100 --param ggc-min-heapsize=131072
Compiler executable checksum: 568b71053bc2a5c0de57a951c9385181
COLLECT_GCC_OPTIONS='-v' '-o' 'CMakeFiles/cmTC_bc6c8.dir/CMakeCCompilerABI.c.o' '-c' '-mtune=generic' '-march=x86-64'
 as -v --64 -o CMakeFiles/cmTC_bc6c8.dir/CMakeCCompilerABI.c.o /tmp/ccMpb4LV.s
GNU assembler version 2.27 (x86_64-redhat-linux) using BFD version version 2.27-43.base.el7
COMPILER_PATH=/usr/local/libexec/gcc/x86_64-pc-linux-gnu/7.5.0/:/usr/local/libexec/gcc/x86_64-pc-linux-gnu/7.5.0/:/usr/local/libexec/gcc/x86_64-pc-linux-gnu/:/usr/local/lib/gcc/x86_64-pc-linux-gnu/7.5.0/:/usr/local/lib/gcc/x86_64-pc-linux-gnu/
LIBRARY_PATH=/usr/local/lib/gcc/x86_64-pc-linux-gnu/7.5.0/:/usr/local/lib/gcc/x86_64-pc-linux-gnu/7.5.0/../../../../lib64/:/lib/../lib64/:/usr/lib/../lib64/:/usr/local/lib/gcc/x86_64-pc-linux-gnu/7.5.0/../../../:/lib/:/usr/lib/
COLLECT_GCC_OPTIONS='-v' '-o' 'CMakeFiles/cmTC_bc6c8.dir/CMakeCCompilerABI.c.o' '-c' '-mtune=generic' '-march=x86-64'
Linking C executable cmTC_bc6c8
/usr/local/bin/cmake -E cmake_link_script CMakeFiles/cmTC_bc6c8.dir/link.txt --verbose=1
/usr/local/bin/gcc     -v -rdynamic CMakeFiles/cmTC_bc6c8.dir/CMakeCCompilerABI.c.o  -o cmTC_bc6c8 
Using built-in specs.
COLLECT_GCC=/usr/local/bin/gcc
COLLECT_LTO_WRAPPER=/usr/local/libexec/gcc/x86_64-pc-linux-gnu/7.5.0/lto-wrapper
Target: x86_64-pc-linux-gnu
Configured with: ../configure -enable-checking=release -enable-languages=c,c++ -disable-multilib
Thread model: posix
gcc version 7.5.0 (GCC) 
COMPILER_PATH=/usr/local/libexec/gcc/x86_64-pc-linux-gnu/7.5.0/:/usr/local/libexec/gcc/x86_64-pc-linux-gnu/7.5.0/:/usr/local/libexec/gcc/x86_64-pc-linux-gnu/:/usr/local/lib/gcc/x86_64-pc-linux-gnu/7.5.0/:/usr/local/lib/gcc/x86_64-pc-linux-gnu/
LIBRARY_PATH=/usr/local/lib/gcc/x86_64-pc-linux-gnu/7.5.0/:/usr/local/lib/gcc/x86_64-pc-linux-gnu/7.5.0/../../../../lib64/:/lib/../lib64/:/usr/lib/../lib64/:/usr/local/lib/gcc/x86_64-pc-linux-gnu/7.5.0/../../../:/lib/:/usr/lib/
COLLECT_GCC_OPTIONS='-v' '-rdynamic' '-o' 'cmTC_bc6c8' '-mtune=generic' '-march=x86-64'
 /usr/local/libexec/gcc/x86_64-pc-linux-gnu/7.5.0/collect2 -plugin /usr/local/libexec/gcc/x86_64-pc-linux-gnu/7.5.0/liblto_plugin.so -plugin-opt=/usr/local/libexec/gcc/x86_64-pc-linux-gnu/7.5.0/lto-wrapper -plugin-opt=-fresolution=/tmp/cc39qi8Y.res -plugin-opt=-pass-through=-lgcc -plugin-opt=-pass-through=-lgcc_s -plugin-opt=-pass-through=-lc -plugin-opt=-pass-through=-lgcc -plugin-opt=-pass-through=-lgcc_s --eh-frame-hdr -m elf_x86_64 -export-dynamic -dynamic-linker /lib64/ld-linux-x86-64.so.2 -o cmTC_bc6c8 /lib/../lib64/crt1.o /lib/../lib64/crti.o /usr/local/lib/gcc/x86_64-pc-linux-gnu/7.5.0/crtbegin.o -L/usr/local/lib/gcc/x86_64-pc-linux-gnu/7.5.0 -L/usr/local/lib/gcc/x86_64-pc-linux-gnu/7.5.0/../../../../lib64 -L/lib/../lib64 -L/usr/lib/../lib64 -L/usr/local/lib/gcc/x86_64-pc-linux-gnu/7.5.0/../../.. CMakeFiles/cmTC_bc6c8.dir/CMakeCCompilerABI.c.o -lgcc --as-needed -lgcc_s --no-as-needed -lc -lgcc --as-needed -lgcc_s --no-as-needed /usr/local/lib/gcc/x86_64-pc-linux-gnu/7.5.0/crtend.o /lib/../lib64/crtn.o
COLLECT_GCC_OPTIONS='-v' '-rdynamic' '-o' 'cmTC_bc6c8' '-mtune=generic' '-march=x86-64'
gmake[1]: Leaving directory `/home/henry/cppProject/JsonCppDemo-master/src/lib_json/CMakeFiles/CMakeTmp'



Parsed C implicit include dir info from above output: rv=done
  found start of include info
  found start of implicit include info
    add: [/usr/local/lib/gcc/x86_64-pc-linux-gnu/7.5.0/include]
    add: [/usr/local/include]
    add: [/usr/local/lib/gcc/x86_64-pc-linux-gnu/7.5.0/include-fixed]
    add: [/usr/include]
  end of search list found
  collapse include dir [/usr/local/lib/gcc/x86_64-pc-linux-gnu/7.5.0/include] ==> [/usr/local/lib/gcc/x86_64-pc-linux-gnu/7.5.0/include]
  collapse include dir [/usr/local/include] ==> [/usr/local/include]
  collapse include dir [/usr/local/lib/gcc/x86_64-pc-linux-gnu/7.5.0/include-fixed] ==> [/usr/local/lib/gcc/x86_64-pc-linux-gnu/7.5.0/include-fixed]
  collapse include dir [/usr/include] ==> [/usr/include]
  implicit include dirs: [/usr/local/lib/gcc/x86_64-pc-linux-gnu/7.5.0/include;/usr/local/include;/usr/local/lib/gcc/x86_64-pc-linux-gnu/7.5.0/include-fixed;/usr/include]


Parsed C implicit link information from above output:
  link line regex: [^( *|.*[/\])(ld|CMAKE_LINK_STARTFILE-NOTFOUND|([^/\]+-)?ld|collect2)[^/\]*( |$)]
  ignore line: [Change Dir: /home/henry/cppProject/JsonCppDemo-master/src/lib_json/CMakeFiles/CMakeTmp]
  ignore line: []
  ignore line: [Run Build Command(s):/usr/bin/gmake cmTC_bc6c8/fast && /usr/bin/gmake  -f CMakeFiles/cmTC_bc6c8.dir/build.make CMakeFiles/cmTC_bc6c8.dir/build]
  ignore line: [gmake[1]: Entering directory `/home/henry/cppProject/JsonCppDemo-master/src/lib_json/CMakeFiles/CMakeTmp']
  ignore line: [Building C object CMakeFiles/cmTC_bc6c8.dir/CMakeCCompilerABI.c.o]
  ignore line: [/usr/local/bin/gcc   -v -o CMakeFiles/cmTC_bc6c8.dir/CMakeCCompilerABI.c.o   -c /usr/local/share/cmake-3.17/Modules/CMakeCCompilerABI.c]
  ignore line: [Using built-in specs.]
  ignore line: [COLLECT_GCC=/usr/local/bin/gcc]
  ignore line: [Target: x86_64-pc-linux-gnu]
  ignore line: [Configured with: ../configure -enable-checking=release -enable-languages=c c++ -disable-multilib]
  ignore line: [Thread model: posix]
  ignore line: [gcc version 7.5.0 (GCC) ]
  ignore line: [COLLECT_GCC_OPTIONS='-v' '-o' 'CMakeFiles/cmTC_bc6c8.dir/CMakeCCompilerABI.c.o' '-c' '-mtune=generic' '-march=x86-64']
  ignore line: [ /usr/local/libexec/gcc/x86_64-pc-linux-gnu/7.5.0/cc1 -quiet -v /usr/local/share/cmake-3.17/Modules/CMakeCCompilerABI.c -quiet -dumpbase CMakeCCompilerABI.c -mtune=generic -march=x86-64 -auxbase-strip CMakeFiles/cmTC_bc6c8.dir/CMakeCCompilerABI.c.o -version -o /tmp/ccMpb4LV.s]
  ignore line: [GNU C11 (GCC) version 7.5.0 (x86_64-pc-linux-gnu)]
  ignore line: [	compiled by GNU C version 7.5.0  GMP version 6.0.0  MPFR version 3.1.1  MPC version 1.0.1  isl version none]
  ignore line: [GGC heuristics: --param ggc-min-expand=100 --param ggc-min-heapsize=131072]
  ignore line: [ignoring nonexistent directory "/usr/local/lib/gcc/x86_64-pc-linux-gnu/7.5.0/../../../../x86_64-pc-linux-gnu/include"]
  ignore line: [#include "..." search starts here:]
  ignore line: [#include <...> search starts here:]
  ignore line: [ /usr/local/lib/gcc/x86_64-pc-linux-gnu/7.5.0/include]
  ignore line: [ /usr/local/include]
  ignore line: [ /usr/local/lib/gcc/x86_64-pc-linux-gnu/7.5.0/include-fixed]
  ignore line: [ /usr/include]
  ignore line: [End of search list.]
  ignore line: [GNU C11 (GCC) version 7.5.0 (x86_64-pc-linux-gnu)]
  ignore line: [	compiled by GNU C version 7.5.0  GMP version 6.0.0  MPFR version 3.1.1  MPC version 1.0.1  isl version none]
  ignore line: [GGC heuristics: --param ggc-min-expand=100 --param ggc-min-heapsize=131072]
  ignore line: [Compiler executable checksum: 568b71053bc2a5c0de57a951c9385181]
  ignore line: [COLLECT_GCC_OPTIONS='-v' '-o' 'CMakeFiles/cmTC_bc6c8.dir/CMakeCCompilerABI.c.o' '-c' '-mtune=generic' '-march=x86-64']
  ignore line: [ as -v --64 -o CMakeFiles/cmTC_bc6c8.dir/CMakeCCompilerABI.c.o /tmp/ccMpb4LV.s]
  ignore line: [GNU assembler version 2.27 (x86_64-redhat-linux) using BFD version version 2.27-43.base.el7]
  ignore line: [COMPILER_PATH=/usr/local/libexec/gcc/x86_64-pc-linux-gnu/7.5.0/:/usr/local/libexec/gcc/x86_64-pc-linux-gnu/7.5.0/:/usr/local/libexec/gcc/x86_64-pc-linux-gnu/:/usr/local/lib/gcc/x86_64-pc-linux-gnu/7.5.0/:/usr/local/lib/gcc/x86_64-pc-linux-gnu/]
  ignore line: [LIBRARY_PATH=/usr/local/lib/gcc/x86_64-pc-linux-gnu/7.5.0/:/usr/local/lib/gcc/x86_64-pc-linux-gnu/7.5.0/../../../../lib64/:/lib/../lib64/:/usr/lib/../lib64/:/usr/local/lib/gcc/x86_64-pc-linux-gnu/7.5.0/../../../:/lib/:/usr/lib/]
  ignore line: [COLLECT_GCC_OPTIONS='-v' '-o' 'CMakeFiles/cmTC_bc6c8.dir/CMakeCCompilerABI.c.o' '-c' '-mtune=generic' '-march=x86-64']
  ignore line: [Linking C executable cmTC_bc6c8]
  ignore line: [/usr/local/bin/cmake -E cmake_link_script CMakeFiles/cmTC_bc6c8.dir/link.txt --verbose=1]
  ignore line: [/usr/local/bin/gcc     -v -rdynamic CMakeFiles/cmTC_bc6c8.dir/CMakeCCompilerABI.c.o  -o cmTC_bc6c8 ]
  ignore line: [Using built-in specs.]
  ignore line: [COLLECT_GCC=/usr/local/bin/gcc]
  ignore line: [COLLECT_LTO_WRAPPER=/usr/local/libexec/gcc/x86_64-pc-linux-gnu/7.5.0/lto-wrapper]
  ignore line: [Target: x86_64-pc-linux-gnu]
  ignore line: [Configured with: ../configure -enable-checking=release -enable-languages=c c++ -disable-multilib]
  ignore line: [Thread model: posix]
  ignore line: [gcc version 7.5.0 (GCC) ]
  ignore line: [COMPILER_PATH=/usr/local/libexec/gcc/x86_64-pc-linux-gnu/7.5.0/:/usr/local/libexec/gcc/x86_64-pc-linux-gnu/7.5.0/:/usr/local/libexec/gcc/x86_64-pc-linux-gnu/:/usr/local/lib/gcc/x86_64-pc-linux-gnu/7.5.0/:/usr/local/lib/gcc/x86_64-pc-linux-gnu/]
  ignore line: [LIBRARY_PATH=/usr/local/lib/gcc/x86_64-pc-linux-gnu/7.5.0/:/usr/local/lib/gcc/x86_64-pc-linux-gnu/7.5.0/../../../../lib64/:/lib/../lib64/:/usr/lib/../lib64/:/usr/local/lib/gcc/x86_64-pc-linux-gnu/7.5.0/../../../:/lib/:/usr/lib/]
  ignore line: [COLLECT_GCC_OPTIONS='-v' '-rdynamic' '-o' 'cmTC_bc6c8' '-mtune=generic' '-march=x86-64']
  link line: [ /usr/local/libexec/gcc/x86_64-pc-linux-gnu/7.5.0/collect2 -plugin /usr/local/libexec/gcc/x86_64-pc-linux-gnu/7.5.0/liblto_plugin.so -plugin-opt=/usr/local/libexec/gcc/x86_64-pc-linux-gnu/7.5.0/lto-wrapper -plugin-opt=-fresolution=/tmp/cc39qi8Y.res -plugin-opt=-pass-through=-lgcc -plugin-opt=-pass-through=-lgcc_s -plugin-opt=-pass-through=-lc -plugin-opt=-pass-through=-lgcc -plugin-opt=-pass-through=-lgcc_s --eh-frame-hdr -m elf_x86_64 -export-dynamic -dynamic-linker /lib64/ld-linux-x86-64.so.2 -o cmTC_bc6c8 /lib/../lib64/crt1.o /lib/../lib64/crti.o /usr/local/lib/gcc/x86_64-pc-linux-gnu/7.5.0/crtbegin.o -L/usr/local/lib/gcc/x86_64-pc-linux-gnu/7.5.0 -L/usr/local/lib/gcc/x86_64-pc-linux-gnu/7.5.0/../../../../lib64 -L/lib/../lib64 -L/usr/lib/../lib64 -L/usr/local/lib/gcc/x86_64-pc-linux-gnu/7.5.0/../../.. CMakeFiles/cmTC_bc6c8.dir/CMakeCCompilerABI.c.o -lgcc --as-needed -lgcc_s --no-as-needed -lc -lgcc --as-needed -lgcc_s --no-as-needed /usr/local/lib/gcc/x86_64-pc-linux-gnu/7.5.0/crtend.o /lib/../lib64/crtn.o]
    arg [/usr/local/libexec/gcc/x86_64-pc-linux-gnu/7.5.0/collect2] ==> ignore
    arg [-plugin] ==> ignore
    arg [/usr/local/libexec/gcc/x86_64-pc-linux-gnu/7.5.0/liblto_plugin.so] ==> ignore
    arg [-plugin-opt=/usr/local/libexec/gcc/x86_64-pc-linux-gnu/7.5.0/lto-wrapper] ==> ignore
    arg [-plugin-opt=-fresolution=/tmp/cc39qi8Y.res] ==> ignore
    arg [-plugin-opt=-pass-through=-lgcc] ==> ignore
    arg [-plugin-opt=-pass-through=-lgcc_s] ==> ignore
    arg [-plugin-opt=-pass-through=-lc] ==> ignore
    arg [-plugin-opt=-pass-through=-lgcc] ==> ignore
    arg [-plugin-opt=-pass-through=-lgcc_s] ==> ignore
    arg [--eh-frame-hdr] ==> ignore
    arg [-m] ==> ignore
    arg [elf_x86_64] ==> ignore
    arg [-export-dynamic] ==> ignore
    arg [-dynamic-linker] ==> ignore
    arg [/lib64/ld-linux-x86-64.so.2] ==> ignore
    arg [-o] ==> ignore
    arg [cmTC_bc6c8] ==> ignore
    arg [/lib/../lib64/crt1.o] ==> ignore
    arg [/lib/../lib64/crti.o] ==> ignore
    arg [/usr/local/lib/gcc/x86_64-pc-linux-gnu/7.5.0/crtbegin.o] ==> ignore
    arg [-L/usr/local/lib/gcc/x86_64-pc-linux-gnu/7.5.0] ==> dir [/usr/local/lib/gcc/x86_64-pc-linux-gnu/7.5.0]
    arg [-L/usr/local/lib/gcc/x86_64-pc-linux-gnu/7.5.0/../../../../lib64] ==> dir [/usr/local/lib/gcc/x86_64-pc-linux-gnu/7.5.0/../../../../lib64]
    arg [-L/lib/../lib64] ==> dir [/lib/../lib64]
    arg [-L/usr/lib/../lib64] ==> dir [/usr/lib/../lib64]
    arg [-L/usr/local/lib/gcc/x86_64-pc-linux-gnu/7.5.0/../../..] ==> dir [/usr/local/lib/gcc/x86_64-pc-linux-gnu/7.5.0/../../..]
    arg [CMakeFiles/cmTC_bc6c8.dir/CMakeCCompilerABI.c.o] ==> ignore
    arg [-lgcc] ==> lib [gcc]
    arg [--as-needed] ==> ignore
    arg [-lgcc_s] ==> lib [gcc_s]
    arg [--no-as-needed] ==> ignore
    arg [-lc] ==> lib [c]
    arg [-lgcc] ==> lib [gcc]
    arg [--as-needed] ==> ignore
    arg [-lgcc_s] ==> lib [gcc_s]
    arg [--no-as-needed] ==> ignore
    arg [/usr/local/lib/gcc/x86_64-pc-linux-gnu/7.5.0/crtend.o] ==> ignore
    arg [/lib/../lib64/crtn.o] ==> ignore
  collapse library dir [/usr/local/lib/gcc/x86_64-pc-linux-gnu/7.5.0] ==> [/usr/local/lib/gcc/x86_64-pc-linux-gnu/7.5.0]
  collapse library dir [/usr/local/lib/gcc/x86_64-pc-linux-gnu/7.5.0/../../../../lib64] ==> [/usr/local/lib64]
  collapse library dir [/lib/../lib64] ==> [/lib64]
  collapse library dir [/usr/lib/../lib64] ==> [/usr/lib64]
  collapse library dir [/usr/local/lib/gcc/x86_64-pc-linux-gnu/7.5.0/../../..] ==> [/usr/local/lib]
  implicit libs: [gcc;gcc_s;c;gcc;gcc_s]
  implicit dirs: [/usr/local/lib/gcc/x86_64-pc-linux-gnu/7.5.0;/usr/local/lib64;/lib64;/usr/lib64;/usr/local/lib]
  implicit fwks: []


Determining if the CXX compiler works passed with the following output:
Change Dir: /home/henry/cppProject/JsonCppDemo-master/src/lib_json/CMakeFiles/CMakeTmp

Run Build Command(s):/usr/bin/gmake cmTC_f9e51/fast && /usr/bin/gmake  -f CMakeFiles/cmTC_f9e51.dir/build.make CMakeFiles/cmTC_f9e51.dir/build
gmake[1]: Entering directory `/home/henry/cppProject/JsonCppDemo-master/src/lib_json/CMakeFiles/CMakeTmp'
Building CXX object CMakeFiles/cmTC_f9e51.dir/testCXXCompiler.cxx.o
/usr/local/bin/g++     -o CMakeFiles/cmTC_f9e51.dir/testCXXCompiler.cxx.o -c /home/henry/cppProject/JsonCppDemo-master/src/lib_json/CMakeFiles/CMakeTmp/testCXXCompiler.cxx
Linking CXX executable cmTC_f9e51
/usr/local/bin/cmake -E cmake_link_script CMakeFiles/cmTC_f9e51.dir/link.txt --verbose=1
/usr/local/bin/g++       -rdynamic CMakeFiles/cmTC_f9e51.dir/testCXXCompiler.cxx.o  -o cmTC_f9e51 
gmake[1]: Leaving directory `/home/henry/cppProject/JsonCppDemo-master/src/lib_json/CMakeFiles/CMakeTmp'



Detecting CXX compiler ABI info compiled with the following output:
Change Dir: /home/henry/cppProject/JsonCppDemo-master/src/lib_json/CMakeFiles/CMakeTmp

Run Build Command(s):/usr/bin/gmake cmTC_708d9/fast && /usr/bin/gmake  -f CMakeFiles/cmTC_708d9.dir/build.make CMakeFiles/cmTC_708d9.dir/build
gmake[1]: Entering directory `/home/henry/cppProject/JsonCppDemo-master/src/lib_json/CMakeFiles/CMakeTmp'
Building CXX object CMakeFiles/cmTC_708d9.dir/CMakeCXXCompilerABI.cpp.o
/usr/local/bin/g++    -v -o CMakeFiles/cmTC_708d9.dir/CMakeCXXCompilerABI.cpp.o -c /usr/local/share/cmake-3.17/Modules/CMakeCXXCompilerABI.cpp
Using built-in specs.
COLLECT_GCC=/usr/local/bin/g++
Target: x86_64-pc-linux-gnu
Configured with: ../configure -enable-checking=release -enable-languages=c,c++ -disable-multilib
Thread model: posix
gcc version 7.5.0 (GCC) 
COLLECT_GCC_OPTIONS='-v' '-o' 'CMakeFiles/cmTC_708d9.dir/CMakeCXXCompilerABI.cpp.o' '-c' '-shared-libgcc' '-mtune=generic' '-march=x86-64'
 /usr/local/libexec/gcc/x86_64-pc-linux-gnu/7.5.0/cc1plus -quiet -v -D_GNU_SOURCE /usr/local/share/cmake-3.17/Modules/CMakeCXXCompilerABI.cpp -quiet -dumpbase CMakeCXXCompilerABI.cpp -mtune=generic -march=x86-64 -auxbase-strip CMakeFiles/cmTC_708d9.dir/CMakeCXXCompilerABI.cpp.o -version -o /tmp/cc7ouLS6.s
GNU C++14 (GCC) version 7.5.0 (x86_64-pc-linux-gnu)
	compiled by GNU C version 7.5.0, GMP version 6.0.0, MPFR version 3.1.1, MPC version 1.0.1, isl version none
GGC heuristics: --param ggc-min-expand=100 --param ggc-min-heapsize=131072
ignoring nonexistent directory "/usr/local/lib/gcc/x86_64-pc-linux-gnu/7.5.0/../../../../x86_64-pc-linux-gnu/include"
#include "..." search starts here:
#include <...> search starts here:
 /usr/local/lib/gcc/x86_64-pc-linux-gnu/7.5.0/../../../../include/c++/7.5.0
 /usr/local/lib/gcc/x86_64-pc-linux-gnu/7.5.0/../../../../include/c++/7.5.0/x86_64-pc-linux-gnu
 /usr/local/lib/gcc/x86_64-pc-linux-gnu/7.5.0/../../../../include/c++/7.5.0/backward
 /usr/local/lib/gcc/x86_64-pc-linux-gnu/7.5.0/include
 /usr/local/include
 /usr/local/lib/gcc/x86_64-pc-linux-gnu/7.5.0/include-fixed
 /usr/include
End of search list.
GNU C++14 (GCC) version 7.5.0 (x86_64-pc-linux-gnu)
	compiled by GNU C version 7.5.0, GMP version 6.0.0, MPFR version 3.1.1, MPC version 1.0.1, isl version none
GGC heuristics: --param ggc-min-expand=100 --param ggc-min-heapsize=131072
Compiler executable checksum: da7f3d3ce5f5d856ae36174c8370eab7
COLLECT_GCC_OPTIONS='-v' '-o' 'CMakeFiles/cmTC_708d9.dir/CMakeCXXCompilerABI.cpp.o' '-c' '-shared-libgcc' '-mtune=generic' '-march=x86-64'
 as -v --64 -o CMakeFiles/cmTC_708d9.dir/CMakeCXXCompilerABI.cpp.o /tmp/cc7ouLS6.s
GNU assembler version 2.27 (x86_64-redhat-linux) using BFD version version 2.27-43.base.el7
COMPILER_PATH=/usr/local/libexec/gcc/x86_64-pc-linux-gnu/7.5.0/:/usr/local/libexec/gcc/x86_64-pc-linux-gnu/7.5.0/:/usr/local/libexec/gcc/x86_64-pc-linux-gnu/:/usr/local/lib/gcc/x86_64-pc-linux-gnu/7.5.0/:/usr/local/lib/gcc/x86_64-pc-linux-gnu/
LIBRARY_PATH=/usr/local/lib/gcc/x86_64-pc-linux-gnu/7.5.0/:/usr/local/lib/gcc/x86_64-pc-linux-gnu/7.5.0/../../../../lib64/:/lib/../lib64/:/usr/lib/../lib64/:/usr/local/lib/gcc/x86_64-pc-linux-gnu/7.5.0/../../../:/lib/:/usr/lib/
COLLECT_GCC_OPTIONS='-v' '-o' 'CMakeFiles/cmTC_708d9.dir/CMakeCXXCompilerABI.cpp.o' '-c' '-shared-libgcc' '-mtune=generic' '-march=x86-64'
Linking CXX executable cmTC_708d9
/usr/local/bin/cmake -E cmake_link_script CMakeFiles/cmTC_708d9.dir/link.txt --verbose=1
/usr/local/bin/g++      -v -rdynamic CMakeFiles/cmTC_708d9.dir/CMakeCXXCompilerABI.cpp.o  -o cmTC_708d9 
Using built-in specs.
COLLECT_GCC=/usr/local/bin/g++
COLLECT_LTO_WRAPPER=/usr/local/libexec/gcc/x86_64-pc-linux-gnu/7.5.0/lto-wrapper
Target: x86_64-pc-linux-gnu
Configured with: ../configure -enable-checking=release -enable-languages=c,c++ -disable-multilib
Thread model: posix
gcc version 7.5.0 (GCC) 
COMPILER_PATH=/usr/local/libexec/gcc/x86_64-pc-linux-gnu/7.5.0/:/usr/local/libexec/gcc/x86_64-pc-linux-gnu/7.5.0/:/usr/local/libexec/gcc/x86_64-pc-linux-gnu/:/usr/local/lib/gcc/x86_64-pc-linux-gnu/7.5.0/:/usr/local/lib/gcc/x86_64-pc-linux-gnu/
LIBRARY_PATH=/usr/local/lib/gcc/x86_64-pc-linux-gnu/7.5.0/:/usr/local/lib/gcc/x86_64-pc-linux-gnu/7.5.0/../../../../lib64/:/lib/../lib64/:/usr/lib/../lib64/:/usr/local/lib/gcc/x86_64-pc-linux-gnu/7.5.0/../../../:/lib/:/usr/lib/
COLLECT_GCC_OPTIONS='-v' '-rdynamic' '-o' 'cmTC_708d9' '-shared-libgcc' '-mtune=generic' '-march=x86-64'
 /usr/local/libexec/gcc/x86_64-pc-linux-gnu/7.5.0/collect2 -plugin /usr/local/libexec/gcc/x86_64-pc-linux-gnu/7.5.0/liblto_plugin.so -plugin-opt=/usr/local/libexec/gcc/x86_64-pc-linux-gnu/7.5.0/lto-wrapper -plugin-opt=-fresolution=/tmp/ccI7WB18.res -plugin-opt=-pass-through=-lgcc_s -plugin-opt=-pass-through=-lgcc -plugin-opt=-pass-through=-lc -plugin-opt=-pass-through=-lgcc_s -plugin-opt=-pass-through=-lgcc --eh-frame-hdr -m elf_x86_64 -export-dynamic -dynamic-linker /lib64/ld-linux-x86-64.so.2 -o cmTC_708d9 /lib/../lib64/crt1.o /lib/../lib64/crti.o /usr/local/lib/gcc/x86_64-pc-linux-gnu/7.5.0/crtbegin.o -L/usr/local/lib/gcc/x86_64-pc-linux-gnu/7.5.0 -L/usr/local/lib/gcc/x86_64-pc-linux-gnu/7.5.0/../../../../lib64 -L/lib/../lib64 -L/usr/lib/../lib64 -L/usr/local/lib/gcc/x86_64-pc-linux-gnu/7.5.0/../../.. CMakeFiles/cmTC_708d9.dir/CMakeCXXCompilerABI.cpp.o -lstdc++ -lm -lgcc_s -lgcc -lc -lgcc_s -lgcc /usr/local/lib/gcc/x86_64-pc-linux-gnu/7.5.0/crtend.o /lib/../lib64/crtn.o
COLLECT_GCC_OPTIONS='-v' '-rdynamic' '-o' 'cmTC_708d9' '-shared-libgcc' '-mtune=generic' '-march=x86-64'
gmake[1]: Leaving directory `/home/henry/cppProject/JsonCppDemo-master/src/lib_json/CMakeFiles/CMakeTmp'



Parsed CXX implicit include dir info from above output: rv=done
  found start of include info
  found start of implicit include info
    add: [/usr/local/lib/gcc/x86_64-pc-linux-gnu/7.5.0/../../../../include/c++/7.5.0]
    add: [/usr/local/lib/gcc/x86_64-pc-linux-gnu/7.5.0/../../../../include/c++/7.5.0/x86_64-pc-linux-gnu]
    add: [/usr/local/lib/gcc/x86_64-pc-linux-gnu/7.5.0/../../../../include/c++/7.5.0/backward]
    add: [/usr/local/lib/gcc/x86_64-pc-linux-gnu/7.5.0/include]
    add: [/usr/local/include]
    add: [/usr/local/lib/gcc/x86_64-pc-linux-gnu/7.5.0/include-fixed]
    add: [/usr/include]
  end of search list found
  collapse include dir [/usr/local/lib/gcc/x86_64-pc-linux-gnu/7.5.0/../../../../include/c++/7.5.0] ==> [/usr/local/include/c++/7.5.0]
  collapse include dir [/usr/local/lib/gcc/x86_64-pc-linux-gnu/7.5.0/../../../../include/c++/7.5.0/x86_64-pc-linux-gnu] ==> [/usr/local/include/c++/7.5.0/x86_64-pc-linux-gnu]
  collapse include dir [/usr/local/lib/gcc/x86_64-pc-linux-gnu/7.5.0/../../../../include/c++/7.5.0/backward] ==> [/usr/local/include/c++/7.5.0/backward]
  collapse include dir [/usr/local/lib/gcc/x86_64-pc-linux-gnu/7.5.0/include] ==> [/usr/local/lib/gcc/x86_64-pc-linux-gnu/7.5.0/include]
  collapse include dir [/usr/local/include] ==> [/usr/local/include]
  collapse include dir [/usr/local/lib/gcc/x86_64-pc-linux-gnu/7.5.0/include-fixed] ==> [/usr/local/lib/gcc/x86_64-pc-linux-gnu/7.5.0/include-fixed]
  collapse include dir [/usr/include] ==> [/usr/include]
  implicit include dirs: [/usr/local/include/c++/7.5.0;/usr/local/include/c++/7.5.0/x86_64-pc-linux-gnu;/usr/local/include/c++/7.5.0/backward;/usr/local/lib/gcc/x86_64-pc-linux-gnu/7.5.0/include;/usr/local/include;/usr/local/lib/gcc/x86_64-pc-linux-gnu/7.5.0/include-fixed;/usr/include]


Parsed CXX implicit link information from above output:
  link line regex: [^( *|.*[/\])(ld|CMAKE_LINK_STARTFILE-NOTFOUND|([^/\]+-)?ld|collect2)[^/\]*( |$)]
  ignore line: [Change Dir: /home/henry/cppProject/JsonCppDemo-master/src/lib_json/CMakeFiles/CMakeTmp]
  ignore line: []
  ignore line: [Run Build Command(s):/usr/bin/gmake cmTC_708d9/fast && /usr/bin/gmake  -f CMakeFiles/cmTC_708d9.dir/build.make CMakeFiles/cmTC_708d9.dir/build]
  ignore line: [gmake[1]: Entering directory `/home/henry/cppProject/JsonCppDemo-master/src/lib_json/CMakeFiles/CMakeTmp']
  ignore line: [Building CXX object CMakeFiles/cmTC_708d9.dir/CMakeCXXCompilerABI.cpp.o]
  ignore line: [/usr/local/bin/g++    -v -o CMakeFiles/cmTC_708d9.dir/CMakeCXXCompilerABI.cpp.o -c /usr/local/share/cmake-3.17/Modules/CMakeCXXCompilerABI.cpp]
  ignore line: [Using built-in specs.]
  ignore line: [COLLECT_GCC=/usr/local/bin/g++]
  ignore line: [Target: x86_64-pc-linux-gnu]
  ignore line: [Configured with: ../configure -enable-checking=release -enable-languages=c c++ -disable-multilib]
  ignore line: [Thread model: posix]
  ignore line: [gcc version 7.5.0 (GCC) ]
  ignore line: [COLLECT_GCC_OPTIONS='-v' '-o' 'CMakeFiles/cmTC_708d9.dir/CMakeCXXCompilerABI.cpp.o' '-c' '-shared-libgcc' '-mtune=generic' '-march=x86-64']
  ignore line: [ /usr/local/libexec/gcc/x86_64-pc-linux-gnu/7.5.0/cc1plus -quiet -v -D_GNU_SOURCE /usr/local/share/cmake-3.17/Modules/CMakeCXXCompilerABI.cpp -quiet -dumpbase CMakeCXXCompilerABI.cpp -mtune=generic -march=x86-64 -auxbase-strip CMakeFiles/cmTC_708d9.dir/CMakeCXXCompilerABI.cpp.o -version -o /tmp/cc7ouLS6.s]
  ignore line: [GNU C++14 (GCC) version 7.5.0 (x86_64-pc-linux-gnu)]
  ignore line: [	compiled by GNU C version 7.5.0  GMP version 6.0.0  MPFR version 3.1.1  MPC version 1.0.1  isl version none]
  ignore line: [GGC heuristics: --param ggc-min-expand=100 --param ggc-min-heapsize=131072]
  ignore line: [ignoring nonexistent directory "/usr/local/lib/gcc/x86_64-pc-linux-gnu/7.5.0/../../../../x86_64-pc-linux-gnu/include"]
  ignore line: [#include "..." search starts here:]
  ignore line: [#include <...> search starts here:]
  ignore line: [ /usr/local/lib/gcc/x86_64-pc-linux-gnu/7.5.0/../../../../include/c++/7.5.0]
  ignore line: [ /usr/local/lib/gcc/x86_64-pc-linux-gnu/7.5.0/../../../../include/c++/7.5.0/x86_64-pc-linux-gnu]
  ignore line: [ /usr/local/lib/gcc/x86_64-pc-linux-gnu/7.5.0/../../../../include/c++/7.5.0/backward]
  ignore line: [ /usr/local/lib/gcc/x86_64-pc-linux-gnu/7.5.0/include]
  ignore line: [ /usr/local/include]
  ignore line: [ /usr/local/lib/gcc/x86_64-pc-linux-gnu/7.5.0/include-fixed]
  ignore line: [ /usr/include]
  ignore line: [End of search list.]
  ignore line: [GNU C++14 (GCC) version 7.5.0 (x86_64-pc-linux-gnu)]
  ignore line: [	compiled by GNU C version 7.5.0  GMP version 6.0.0  MPFR version 3.1.1  MPC version 1.0.1  isl version none]
  ignore line: [GGC heuristics: --param ggc-min-expand=100 --param ggc-min-heapsize=131072]
  ignore line: [Compiler executable checksum: da7f3d3ce5f5d856ae36174c8370eab7]
  ignore line: [COLLECT_GCC_OPTIONS='-v' '-o' 'CMakeFiles/cmTC_708d9.dir/CMakeCXXCompilerABI.cpp.o' '-c' '-shared-libgcc' '-mtune=generic' '-march=x86-64']
  ignore line: [ as -v --64 -o CMakeFiles/cmTC_708d9.dir/CMakeCXXCompilerABI.cpp.o /tmp/cc7ouLS6.s]
  ignore line: [GNU assembler version 2.27 (x86_64-redhat-linux) using BFD version version 2.27-43.base.el7]
  ignore line: [COMPILER_PATH=/usr/local/libexec/gcc/x86_64-pc-linux-gnu/7.5.0/:/usr/local/libexec/gcc/x86_64-pc-linux-gnu/7.5.0/:/usr/local/libexec/gcc/x86_64-pc-linux-gnu/:/usr/local/lib/gcc/x86_64-pc-linux-gnu/7.5.0/:/usr/local/lib/gcc/x86_64-pc-linux-gnu/]
  ignore line: [LIBRARY_PATH=/usr/local/lib/gcc/x86_64-pc-linux-gnu/7.5.0/:/usr/local/lib/gcc/x86_64-pc-linux-gnu/7.5.0/../../../../lib64/:/lib/../lib64/:/usr/lib/../lib64/:/usr/local/lib/gcc/x86_64-pc-linux-gnu/7.5.0/../../../:/lib/:/usr/lib/]
  ignore line: [COLLECT_GCC_OPTIONS='-v' '-o' 'CMakeFiles/cmTC_708d9.dir/CMakeCXXCompilerABI.cpp.o' '-c' '-shared-libgcc' '-mtune=generic' '-march=x86-64']
  ignore line: [Linking CXX executable cmTC_708d9]
  ignore line: [/usr/local/bin/cmake -E cmake_link_script CMakeFiles/cmTC_708d9.dir/link.txt --verbose=1]
  ignore line: [/usr/local/bin/g++      -v -rdynamic CMakeFiles/cmTC_708d9.dir/CMakeCXXCompilerABI.cpp.o  -o cmTC_708d9 ]
  ignore line: [Using built-in specs.]
  ignore line: [COLLECT_GCC=/usr/local/bin/g++]
  ignore line: [COLLECT_LTO_WRAPPER=/usr/local/libexec/gcc/x86_64-pc-linux-gnu/7.5.0/lto-wrapper]
  ignore line: [Target: x86_64-pc-linux-gnu]
  ignore line: [Configured with: ../configure -enable-checking=release -enable-languages=c c++ -disable-multilib]
  ignore line: [Thread model: posix]
  ignore line: [gcc version 7.5.0 (GCC) ]
  ignore line: [COMPILER_PATH=/usr/local/libexec/gcc/x86_64-pc-linux-gnu/7.5.0/:/usr/local/libexec/gcc/x86_64-pc-linux-gnu/7.5.0/:/usr/local/libexec/gcc/x86_64-pc-linux-gnu/:/usr/local/lib/gcc/x86_64-pc-linux-gnu/7.5.0/:/usr/local/lib/gcc/x86_64-pc-linux-gnu/]
  ignore line: [LIBRARY_PATH=/usr/local/lib/gcc/x86_64-pc-linux-gnu/7.5.0/:/usr/local/lib/gcc/x86_64-pc-linux-gnu/7.5.0/../../../../lib64/:/lib/../lib64/:/usr/lib/../lib64/:/usr/local/lib/gcc/x86_64-pc-linux-gnu/7.5.0/../../../:/lib/:/usr/lib/]
  ignore line: [COLLECT_GCC_OPTIONS='-v' '-rdynamic' '-o' 'cmTC_708d9' '-shared-libgcc' '-mtune=generic' '-march=x86-64']
  link line: [ /usr/local/libexec/gcc/x86_64-pc-linux-gnu/7.5.0/collect2 -plugin /usr/local/libexec/gcc/x86_64-pc-linux-gnu/7.5.0/liblto_plugin.so -plugin-opt=/usr/local/libexec/gcc/x86_64-pc-linux-gnu/7.5.0/lto-wrapper -plugin-opt=-fresolution=/tmp/ccI7WB18.res -plugin-opt=-pass-through=-lgcc_s -plugin-opt=-pass-through=-lgcc -plugin-opt=-pass-through=-lc -plugin-opt=-pass-through=-lgcc_s -plugin-opt=-pass-through=-lgcc --eh-frame-hdr -m elf_x86_64 -export-dynamic -dynamic-linker /lib64/ld-linux-x86-64.so.2 -o cmTC_708d9 /lib/../lib64/crt1.o /lib/../lib64/crti.o /usr/local/lib/gcc/x86_64-pc-linux-gnu/7.5.0/crtbegin.o -L/usr/local/lib/gcc/x86_64-pc-linux-gnu/7.5.0 -L/usr/local/lib/gcc/x86_64-pc-linux-gnu/7.5.0/../../../../lib64 -L/lib/../lib64 -L/usr/lib/../lib64 -L/usr/local/lib/gcc/x86_64-pc-linux-gnu/7.5.0/../../.. CMakeFiles/cmTC_708d9.dir/CMakeCXXCompilerABI.cpp.o -lstdc++ -lm -lgcc_s -lgcc -lc -lgcc_s -lgcc /usr/local/lib/gcc/x86_64-pc-linux-gnu/7.5.0/crtend.o /lib/../lib64/crtn.o]
    arg [/usr/local/libexec/gcc/x86_64-pc-linux-gnu/7.5.0/collect2] ==> ignore
    arg [-plugin] ==> ignore
    arg [/usr/local/libexec/gcc/x86_64-pc-linux-gnu/7.5.0/liblto_plugin.so] ==> ignore
    arg [-plugin-opt=/usr/local/libexec/gcc/x86_64-pc-linux-gnu/7.5.0/lto-wrapper] ==> ignore
    arg [-plugin-opt=-fresolution=/tmp/ccI7WB18.res] ==> ignore
    arg [-plugin-opt=-pass-through=-lgcc_s] ==> ignore
    arg [-plugin-opt=-pass-through=-lgcc] ==> ignore
    arg [-plugin-opt=-pass-through=-lc] ==> ignore
    arg [-plugin-opt=-pass-through=-lgcc_s] ==> ignore
    arg [-plugin-opt=-pass-through=-lgcc] ==> ignore
    arg [--eh-frame-hdr] ==> ignore
    arg [-m] ==> ignore
    arg [elf_x86_64] ==> ignore
    arg [-export-dynamic] ==> ignore
    arg [-dynamic-linker] ==> ignore
    arg [/lib64/ld-linux-x86-64.so.2] ==> ignore
    arg [-o] ==> ignore
    arg [cmTC_708d9] ==> ignore
    arg [/lib/../lib64/crt1.o] ==> ignore
    arg [/lib/../lib64/crti.o] ==> ignore
    arg [/usr/local/lib/gcc/x86_64-pc-linux-gnu/7.5.0/crtbegin.o] ==> ignore
    arg [-L/usr/local/lib/gcc/x86_64-pc-linux-gnu/7.5.0] ==> dir [/usr/local/lib/gcc/x86_64-pc-linux-gnu/7.5.0]
    arg [-L/usr/local/lib/gcc/x86_64-pc-linux-gnu/7.5.0/../../../../lib64] ==> dir [/usr/local/lib/gcc/x86_64-pc-linux-gnu/7.5.0/../../../../lib64]
    arg [-L/lib/../lib64] ==> dir [/lib/../lib64]
    arg [-L/usr/lib/../lib64] ==> dir [/usr/lib/../lib64]
    arg [-L/usr/local/lib/gcc/x86_64-pc-linux-gnu/7.5.0/../../..] ==> dir [/usr/local/lib/gcc/x86_64-pc-linux-gnu/7.5.0/../../..]
    arg [CMakeFiles/cmTC_708d9.dir/CMakeCXXCompilerABI.cpp.o] ==> ignore
    arg [-lstdc++] ==> lib [stdc++]
    arg [-lm] ==> lib [m]
    arg [-lgcc_s] ==> lib [gcc_s]
    arg [-lgcc] ==> lib [gcc]
    arg [-lc] ==> lib [c]
    arg [-lgcc_s] ==> lib [gcc_s]
    arg [-lgcc] ==> lib [gcc]
    arg [/usr/local/lib/gcc/x86_64-pc-linux-gnu/7.5.0/crtend.o] ==> ignore
    arg [/lib/../lib64/crtn.o] ==> ignore
  collapse library dir [/usr/local/lib/gcc/x86_64-pc-linux-gnu/7.5.0] ==> [/usr/local/lib/gcc/x86_64-pc-linux-gnu/7.5.0]
  collapse library dir [/usr/local/lib/gcc/x86_64-pc-linux-gnu/7.5.0/../../../../lib64] ==> [/usr/local/lib64]
  collapse library dir [/lib/../lib64] ==> [/lib64]
  collapse library dir [/usr/lib/../lib64] ==> [/usr/lib64]
  collapse library dir [/usr/local/lib/gcc/x86_64-pc-linux-gnu/7.5.0/../../..] ==> [/usr/local/lib]
  implicit libs: [stdc++;m;gcc_s;gcc;c;gcc_s;gcc]
  implicit dirs: [/usr/local/lib/gcc/x86_64-pc-linux-gnu/7.5.0;/usr/local/lib64;/lib64;/usr/lib64;/usr/local/lib]
  implicit fwks: []


Determining if the include file clocale exists passed with the following output:
Change Dir: /home/henry/cppProject/JsonCppDemo-master/src/lib_json/CMakeFiles/CMakeTmp

Run Build Command(s):/usr/bin/gmake cmTC_e818f/fast && /usr/bin/gmake  -f CMakeFiles/cmTC_e818f.dir/build.make CMakeFiles/cmTC_e818f.dir/build
gmake[1]: Entering directory `/home/henry/cppProject/JsonCppDemo-master/src/lib_json/CMakeFiles/CMakeTmp'
Building CXX object CMakeFiles/cmTC_e818f.dir/CheckIncludeFile.cxx.o
/usr/local/bin/g++    -Werror=strict-aliasing    -o CMakeFiles/cmTC_e818f.dir/CheckIncludeFile.cxx.o -c /home/henry/cppProject/JsonCppDemo-master/src/lib_json/CMakeFiles/CMakeTmp/CheckIncludeFile.cxx
Linking CXX executable cmTC_e818f
/usr/local/bin/cmake -E cmake_link_script CMakeFiles/cmTC_e818f.dir/link.txt --verbose=1
/usr/local/bin/g++   -Werror=strict-aliasing     -rdynamic CMakeFiles/cmTC_e818f.dir/CheckIncludeFile.cxx.o  -o cmTC_e818f 
gmake[1]: Leaving directory `/home/henry/cppProject/JsonCppDemo-master/src/lib_json/CMakeFiles/CMakeTmp'



Determining if the localeconv exist passed with the following output:
Change Dir: /home/henry/cppProject/JsonCppDemo-master/src/lib_json/CMakeFiles/CMakeTmp

Run Build Command(s):/usr/bin/gmake cmTC_74ba4/fast && /usr/bin/gmake  -f CMakeFiles/cmTC_74ba4.dir/build.make CMakeFiles/cmTC_74ba4.dir/build
gmake[1]: Entering directory `/home/henry/cppProject/JsonCppDemo-master/src/lib_json/CMakeFiles/CMakeTmp'
Building CXX object CMakeFiles/cmTC_74ba4.dir/CheckSymbolExists.cxx.o
/usr/local/bin/g++    -Werror=strict-aliasing    -o CMakeFiles/cmTC_74ba4.dir/CheckSymbolExists.cxx.o -c /home/henry/cppProject/JsonCppDemo-master/src/lib_json/CMakeFiles/CMakeTmp/CheckSymbolExists.cxx
Linking CXX executable cmTC_74ba4
/usr/local/bin/cmake -E cmake_link_script CMakeFiles/cmTC_74ba4.dir/link.txt --verbose=1
/usr/local/bin/g++   -Werror=strict-aliasing     -rdynamic CMakeFiles/cmTC_74ba4.dir/CheckSymbolExists.cxx.o  -o cmTC_74ba4 
gmake[1]: Leaving directory `/home/henry/cppProject/JsonCppDemo-master/src/lib_json/CMakeFiles/CMakeTmp'


File /home/henry/cppProject/JsonCppDemo-master/src/lib_json/CMakeFiles/CMakeTmp/CheckSymbolExists.cxx:
/* */
#include <clocale>

int main(int argc, char** argv)
{
  (void)argv;
#ifndef localeconv
  return ((int*)(&localeconv))[argc];
#else
  (void)argc;
  return 0;
#endif
}
Determining if the include file sys/types.h exists passed with the following output:
Change Dir: /home/henry/cppProject/JsonCppDemo-master/src/lib_json/CMakeFiles/CMakeTmp

Run Build Command(s):/usr/bin/gmake cmTC_b74e1/fast && /usr/bin/gmake  -f CMakeFiles/cmTC_b74e1.dir/build.make CMakeFiles/cmTC_b74e1.dir/build
gmake[1]: Entering directory `/home/henry/cppProject/JsonCppDemo-master/src/lib_json/CMakeFiles/CMakeTmp'
Building CXX object CMakeFiles/cmTC_b74e1.dir/CheckIncludeFile.cxx.o
/usr/local/bin/g++    -Werror=strict-aliasing    -o CMakeFiles/cmTC_b74e1.dir/CheckIncludeFile.cxx.o -c /home/henry/cppProject/JsonCppDemo-master/src/lib_json/CMakeFiles/CMakeTmp/CheckIncludeFile.cxx
Linking CXX executable cmTC_b74e1
/usr/local/bin/cmake -E cmake_link_script CMakeFiles/cmTC_b74e1.dir/link.txt --verbose=1
/usr/local/bin/g++   -Werror=strict-aliasing     -rdynamic CMakeFiles/cmTC_b74e1.dir/CheckIncludeFile.cxx.o  -o cmTC_b74e1 
gmake[1]: Leaving directory `/home/henry/cppProject/JsonCppDemo-master/src/lib_json/CMakeFiles/CMakeTmp'



Determining if the include file stdint.h exists passed with the following output:
Change Dir: /home/henry/cppProject/JsonCppDemo-master/src/lib_json/CMakeFiles/CMakeTmp

Run Build Command(s):/usr/bin/gmake cmTC_fb955/fast && /usr/bin/gmake  -f CMakeFiles/cmTC_fb955.dir/build.make CMakeFiles/cmTC_fb955.dir/build
gmake[1]: Entering directory `/home/henry/cppProject/JsonCppDemo-master/src/lib_json/CMakeFiles/CMakeTmp'
Building CXX object CMakeFiles/cmTC_fb955.dir/CheckIncludeFile.cxx.o
/usr/local/bin/g++    -Werror=strict-aliasing    -o CMakeFiles/cmTC_fb955.dir/CheckIncludeFile.cxx.o -c /home/henry/cppProject/JsonCppDemo-master/src/lib_json/CMakeFiles/CMakeTmp/CheckIncludeFile.cxx
Linking CXX executable cmTC_fb955
/usr/local/bin/cmake -E cmake_link_script CMakeFiles/cmTC_fb955.dir/link.txt --verbose=1
/usr/local/bin/g++   -Werror=strict-aliasing     -rdynamic CMakeFiles/cmTC_fb955.dir/CheckIncludeFile.cxx.o  -o cmTC_fb955 
gmake[1]: Leaving directory `/home/henry/cppProject/JsonCppDemo-master/src/lib_json/CMakeFiles/CMakeTmp'



Determining if the include file stddef.h exists passed with the following output:
Change Dir: /home/henry/cppProject/JsonCppDemo-master/src/lib_json/CMakeFiles/CMakeTmp

Run Build Command(s):/usr/bin/gmake cmTC_ef766/fast && /usr/bin/gmake  -f CMakeFiles/cmTC_ef766.dir/build.make CMakeFiles/cmTC_ef766.dir/build
gmake[1]: Entering directory `/home/henry/cppProject/JsonCppDemo-master/src/lib_json/CMakeFiles/CMakeTmp'
Building CXX object CMakeFiles/cmTC_ef766.dir/CheckIncludeFile.cxx.o
/usr/local/bin/g++    -Werror=strict-aliasing    -o CMakeFiles/cmTC_ef766.dir/CheckIncludeFile.cxx.o -c /home/henry/cppProject/JsonCppDemo-master/src/lib_json/CMakeFiles/CMakeTmp/CheckIncludeFile.cxx
Linking CXX executable cmTC_ef766
/usr/local/bin/cmake -E cmake_link_script CMakeFiles/cmTC_ef766.dir/link.txt --verbose=1
/usr/local/bin/g++   -Werror=strict-aliasing     -rdynamic CMakeFiles/cmTC_ef766.dir/CheckIncludeFile.cxx.o  -o cmTC_ef766 
gmake[1]: Leaving directory `/home/henry/cppProject/JsonCppDemo-master/src/lib_json/CMakeFiles/CMakeTmp'



Determining size of lconv passed with the following output:
Change Dir: /home/henry/cppProject/JsonCppDemo-master/src/lib_json/CMakeFiles/CMakeTmp

Run Build Command(s):/usr/bin/gmake cmTC_bfc9a/fast && /usr/bin/gmake  -f CMakeFiles/cmTC_bfc9a.dir/build.make CMakeFiles/cmTC_bfc9a.dir/build
gmake[1]: Entering directory `/home/henry/cppProject/JsonCppDemo-master/src/lib_json/CMakeFiles/CMakeTmp'
Building CXX object CMakeFiles/cmTC_bfc9a.dir/LCONV_SIZE.cpp.o
/usr/local/bin/g++    -Werror=strict-aliasing    -o CMakeFiles/cmTC_bfc9a.dir/LCONV_SIZE.cpp.o -c /home/henry/cppProject/JsonCppDemo-master/src/lib_json/CMakeFiles/CheckTypeSize/LCONV_SIZE.cpp
Linking CXX executable cmTC_bfc9a
/usr/local/bin/cmake -E cmake_link_script CMakeFiles/cmTC_bfc9a.dir/link.txt --verbose=1
/usr/local/bin/g++   -Werror=strict-aliasing     -rdynamic CMakeFiles/cmTC_bfc9a.dir/LCONV_SIZE.cpp.o  -o cmTC_bfc9a 
gmake[1]: Leaving directory `/home/henry/cppProject/JsonCppDemo-master/src/lib_json/CMakeFiles/CMakeTmp'



Performing C++ SOURCE FILE Test HAVE_DECIMAL_POINT succeeded with the following output:
Change Dir: /home/henry/cppProject/JsonCppDemo-master/src/lib_json/CMakeFiles/CMakeTmp

Run Build Command(s):/usr/bin/gmake cmTC_1ed90/fast && /usr/bin/gmake  -f CMakeFiles/cmTC_1ed90.dir/build.make CMakeFiles/cmTC_1ed90.dir/build
gmake[1]: Entering directory `/home/henry/cppProject/JsonCppDemo-master/src/lib_json/CMakeFiles/CMakeTmp'
Building CXX object CMakeFiles/cmTC_1ed90.dir/src.cxx.o
/usr/local/bin/g++    -Werror=strict-aliasing -DHAVE_DECIMAL_POINT   -o CMakeFiles/cmTC_1ed90.dir/src.cxx.o -c /home/henry/cppProject/JsonCppDemo-master/src/lib_json/CMakeFiles/CMakeTmp/src.cxx
Linking CXX executable cmTC_1ed90
/usr/local/bin/cmake -E cmake_link_script CMakeFiles/cmTC_1ed90.dir/link.txt --verbose=1
/usr/local/bin/g++   -Werror=strict-aliasing -DHAVE_DECIMAL_POINT    -rdynamic CMakeFiles/cmTC_1ed90.dir/src.cxx.o  -o cmTC_1ed90 
gmake[1]: Leaving directory `/home/henry/cppProject/JsonCppDemo-master/src/lib_json/CMakeFiles/CMakeTmp'


Source file was:

#include <clocale>

int main()
{
  (void)sizeof(((lconv *)0)->decimal_point);
  return 0;
}

